<?xml version="1.0" encoding="UTF-8"?>
<!-- Generated by org.testng.reporters.JUnitReportReporter -->
<testsuite skipped="0" hostname="LAPTOP-V9OJ1QV1" name="com.swarmhraut.testcases.LoginTest" tests="1" failures="0" timestamp="2022-03-21T12:57:57 IST" time="8.374" errors="0">
  <testcase name="logintest" time="8.374" classname="com.swarmhraut.testcases.LoginTest"/>
  <system-out>
    <![CDATA[SwarmHR Employee Logged In Successfully!!!
<a target="_blank"href="C:\Users\dumb\Pictures\Screenshots\Screenshot (21).png">Screenshot</a>
<br>
<a target="_blank"href="C:\Users\dumb\Pictures\Screenshots\Screenshot (21).png"><img src="C:\Users\dumb\Pictures\Screenshots\Screenshot (21).png" height=200 width=200></img></a>]]>
  </system-out>
</testsuite> <!-- com.swarmhraut.testcases.LoginTest -->
